<?xml version='1.0' encoding='UTF-8'?>
<testsuite hostname="DESKTOP-9OCTAH3" name="ru.mb.bidding.BiddingHighLoadTest" tests="1" errors="0" failures="0" skipped="0" time="2.924">
                     <properties>
[...]
</properties>
                     <testcase classname="ru.mb.bidding.BiddingHighLoadTest" name="test 1M entries" time="2.924">
                                                 
                                               </testcase>
                     <system-out></system-out>
                     <system-err></system-err>
                   </testsuite>